Vercel CLI 48.4.0
Retrieving project…
Deploying muhammad-rizkys-projects-ca2d319a/crmfurniture
Uploading [--------------------] (0.0B/97B)
Uploading [====================] (97.0B/97B)
Inspect: https://vercel.com/muhammad-rizkys-projects-ca2d319a/crmfurniture/9gquYfahJGGUWdhCFWHEaN3eeGdR [3s]
Production: https://crmfurniture-lxwt7rhp2-muhammad-rizkys-projects-ca2d319a.vercel.app [3s]
https://crmfurniture-lxwt7rhp2-muhammad-rizkys-projects-ca2d319a.vercel.appQueued
Building
2025-11-17T13:26:36.156Z  Running build in Washington, D.C., USA (East) – iad1
2025-11-17T13:26:36.157Z  Build machine configuration: 2 cores, 8 GB
2025-11-17T13:26:36.177Z  Retrieving list of deployment files...
2025-11-17T13:26:36.186Z  Skipping build cache, deployment was triggered without cache.
2025-11-17T13:26:36.682Z  Downloading 109 deployment files...
2025-11-17T13:26:39.010Z  Running "vercel build"
2025-11-17T13:26:39.400Z  Vercel CLI 48.10.2
2025-11-17T13:26:39.788Z  Running "install" command: `npm install`...
2025-11-17T13:26:54.512Z  
2025-11-17T13:26:54.513Z  added 446 packages, and audited 447 packages in 14s
2025-11-17T13:26:54.513Z  
2025-11-17T13:26:54.513Z  154 packages are looking for funding
2025-11-17T13:26:54.513Z    run `npm fund` for details
2025-11-17T13:26:54.514Z  
2025-11-17T13:26:54.514Z  found 0 vulnerabilities
2025-11-17T13:26:54.568Z  Detected Next.js version: 16.0.3
2025-11-17T13:26:54.569Z  Running "npm run build"
2025-11-17T13:26:54.679Z  
2025-11-17T13:26:54.680Z  > crmfurniture@0.1.0 build
2025-11-17T13:26:54.680Z  > next build
2025-11-17T13:26:54.680Z  
2025-11-17T13:26:55.472Z  Attention: Next.js now collects completely anonymous telemetry regarding usage.
2025-11-17T13:26:55.473Z  This information is used to shape Next.js' roadmap and prioritize features.
2025-11-17T13:26:55.473Z  You can learn more, including how to opt-out if you'd not like to participate in this anonymous program, by visiting the following URL:
2025-11-17T13:26:55.474Z  https://nextjs.org/telemetry
2025-11-17T13:26:55.474Z  
2025-11-17T13:26:55.484Z     ▲ Next.js 16.0.3 (Turbopack)
2025-11-17T13:26:55.485Z  
2025-11-17T13:26:55.517Z   ⚠ The "middleware" file convention is deprecated. Please use "proxy" instead. Learn more: https://nextjs.org/docs/messages/middleware-to-proxy
2025-11-17T13:26:55.553Z     Creating an optimized production build ...
2025-11-17T13:27:10.917Z   ✓ Compiled successfully in 14.8s
2025-11-17T13:27:10.924Z     Running TypeScript ...
2025-11-17T13:27:20.138Z  Failed to compile.
2025-11-17T13:27:20.139Z  
2025-11-17T13:27:20.139Z  ./src/app/(app)/inventory/[id]/page.tsx:47:5
2025-11-17T13:27:20.139Z  Type error: Type 'Resolver<{ item_code: string; name: string; unit_price: number; current_stock: number; min_stock: number; description?: string | undefined; category?: string | undefined; unit?: string | undefined; max_stock?: number | ... 1 more ... | undefined; is_raw_material?: boolean | undefined; is_finished_good?: boolean | un...' is not assignable to type 'Resolver<{ item_code: string; name: string; unit: string; unit_price: number; current_stock: number; min_stock: number; is_raw_material: boolean; is_finished_good: boolean; description?: string | undefined; category?: string | undefined; max_stock?: number | ... 1 more ... | undefined; }, any, { ...; }>'.
2025-11-17T13:27:20.139Z    Types of parameters 'options' and 'options' are incompatible.
2025-11-17T13:27:20.140Z      Type 'ResolverOptions<{ item_code: string; name: string; unit: string; unit_price: number; current_stock: number; min_stock: number; is_raw_material: boolean; is_finished_good: boolean; description?: string | undefined; category?: string | undefined; max_stock?: number | ... 1 more ... | undefined; }>' is not assignable to type 'ResolverOptions<{ item_code: string; name: string; unit_price: number; current_stock: number; min_stock: number; description?: string | undefined; category?: string | undefined; unit?: string | undefined; max_stock?: number | ... 1 more ... | undefined; is_raw_material?: boolean | undefined; is_finished_good?: boole...'.
2025-11-17T13:27:20.140Z        Type 'string | undefined' is not assignable to type 'string'.
2025-11-17T13:27:20.140Z          Type 'undefined' is not assignable to type 'string'.
2025-11-17T13:27:20.140Z  
2025-11-17T13:27:20.140Z  [0m [90m 45 |[39m     formState[33m:[39m { errors }[33m,[39m
2025-11-17T13:27:20.140Z   [90m 46 |[39m   } [33m=[39m useForm[33m<[39m[33mItemFormData[39m[33m>[39m({
2025-11-17T13:27:20.140Z  [31m[1m>[22m[39m[90m 47 |[39m     resolver[33m:[39m zodResolver(itemSchema)[33m,[39m
2025-11-17T13:27:20.140Z   [90m    |[39m     [31m[1m^[22m[39m
2025-11-17T13:27:20.140Z   [90m 48 |[39m   })
2025-11-17T13:27:20.141Z   [90m 49 |[39m
2025-11-17T13:27:20.141Z   [90m 50 |[39m   useEffect(() [33m=>[39m {[0m
2025-11-17T13:27:20.177Z  Next.js build worker exited with code: 1 and signal: null
2025-11-17T13:27:20.211Z  Error: Command "npm run build" exited with 1
